[2023-04-23T 14:34:29] INFO publish - producer 25 adds product Tea(name='Pai Mu Tan', price=9, type='White')
[2023-04-23T 14:34:29] INFO publish - producer 5 adds product Tea(name='Vietnam Oolong', price=10, type='Oolong')
[2023-04-23T 14:34:29] INFO publish - producer 9 adds product Coffee(name='Indonezia', price=1, acidity=5.05, roast_level='MEDIUM')
[2023-04-23T 14:34:29] INFO publish - producer 36 adds product Coffee(name='Ethiopia', price=10, acidity=5.09, roast_level='MEDIUM')
[2023-04-23T 14:34:29] INFO publish - producer 7 adds product Coffee(name='Brasil', price=7, acidity=5.09, roast_level='MEDIUM')
[2023-04-23T 14:34:29] INFO publish - producer 1 adds product Tea(name='Vietnam Oolong', price=10, type='Oolong')
[2023-04-23T 14:34:29] INFO publish - producer 2 adds product Coffee(name='Indonezia', price=1, acidity=5.05, roast_level='MEDIUM')
[2023-04-23T 14:34:29] INFO publish - producer 37 adds product Coffee(name='Arabica', price=9, acidity=5.02, roast_level='MEDIUM')
[2023-04-23T 14:34:29] INFO add_to_cart - adds Tea(name='Jasmine', price=6, type='Green') to cart 573
[2023-04-23T 14:34:29] INFO add_to_cart - adds Tea(name='Jasmine', price=6, type='Green') to cart 573
[2023-04-23T 14:34:29] INFO add_to_cart - adds Tea(name='Jasmine', price=6, type='Green') to cart 573
[2023-04-23T 14:34:29] INFO add_to_cart - adds Tea(name='Jasmine', price=6, type='Green') to cart 573
[2023-04-23T 14:34:29] INFO publish - producer 44 adds product Tea(name='White Peach', price=5, type='White')
[2023-04-23T 14:34:29] INFO add_to_cart - adds Tea(name='Jasmine', price=6, type='Green') to cart 512
[2023-04-23T 14:34:29] INFO publish - producer 12 adds product Coffee(name='Robusta', price=3, acidity=5.0, roast_level='MEDIUM')
[2023-04-23T 14:34:29] INFO publish - producer 30 adds product Tea(name='Vietnam Oolong', price=10, type='Oolong')
[2023-04-23T 14:34:29] INFO publish - producer 28 adds product Tea(name='English Breakfast', price=2, type='Black')
[2023-04-23T 14:34:29] INFO publish - producer 21 adds product Tea(name='English Breakfast', price=2, type='Black')
[2023-04-23T 14:34:29] INFO publish - producer 22 adds product Tea(name='White Peach', price=5, type='White')
[2023-04-23T 14:34:29] INFO publish - producer 19 adds product Coffee(name='Robusta', price=3, acidity=5.0, roast_level='MEDIUM')
[2023-04-23T 14:34:29] INFO publish - producer 5 adds product Coffee(name='Ethiopia', price=10, acidity=5.09, roast_level='MEDIUM')
[2023-04-23T 14:34:29] INFO publish - producer 11 adds product Coffee(name='Indonezia', price=1, acidity=5.05, roast_level='MEDIUM')
[2023-04-23T 14:34:29] INFO add_to_cart - adds Tea(name='Jasmine', price=6, type='Green') to cart 141
[2023-04-23T 14:34:29] INFO publish - producer 14 adds product Tea(name='Jasmine', price=6, type='Green')
[2023-04-23T 14:34:29] INFO publish - producer 4 adds product Coffee(name='Brasil', price=7, acidity=5.09, roast_level='MEDIUM')
[2023-04-23T 14:34:29] INFO publish - producer 32 adds product Tea(name='White Peach', price=5, type='White')
[2023-04-23T 14:34:29] INFO publish - producer 3 adds product Coffee(name='Indonezia', price=1, acidity=5.05, roast_level='MEDIUM')
[2023-04-23T 14:34:29] INFO publish - producer 35 adds product Tea(name='English Breakfast', price=2, type='Black')
[2023-04-23T 14:34:29] INFO publish - producer 15 adds product Tea(name='English Breakfast', price=2, type='Black')
[2023-04-23T 14:34:29] INFO publish - producer 12 adds product Coffee(name='Brasil', price=7, acidity=5.09, roast_level='MEDIUM')
[2023-04-23T 14:34:29] INFO publish - producer 17 adds product Tea(name='Pai Mu Tan', price=9, type='White')
[2023-04-23T 14:34:29] INFO publish - producer 23 adds product Tea(name='English Breakfast', price=2, type='Black')
[2023-04-23T 14:34:29] INFO publish - producer 42 adds product Tea(name='Vietnam Oolong', price=10, type='Oolong')
[2023-04-23T 14:34:29] INFO publish - producer 46 adds product Coffee(name='Ethiopia', price=10, acidity=5.09, roast_level='MEDIUM')
[2023-04-23T 14:34:29] INFO publish - producer 37 adds product Coffee(name='Arabica', price=9, acidity=5.02, roast_level='MEDIUM')
[2023-04-23T 14:34:29] INFO publish - producer 43 adds product Coffee(name='Indonezia', price=1, acidity=5.05, roast_level='MEDIUM')
[2023-04-23T 14:34:29] INFO add_to_cart - adds Tea(name='Jasmine', price=6, type='Green') to cart 413
[2023-04-23T 14:34:29] INFO add_to_cart - adds Coffee(name='Arabica', price=9, acidity=5.02, roast_level='MEDIUM') to cart 413
[2023-04-23T 14:34:29] INFO add_to_cart - adds Coffee(name='Arabica', price=9, acidity=5.02, roast_level='MEDIUM') to cart 413
[2023-04-23T 14:34:29] INFO publish - producer 49 adds product Coffee(name='Arabica', price=9, acidity=5.02, roast_level='MEDIUM')
[2023-04-23T 14:34:29] INFO add_to_cart - adds Coffee(name='Arabica', price=9, acidity=5.02, roast_level='MEDIUM') to cart 413
[2023-04-23T 14:34:29] INFO add_to_cart - adds Coffee(name='Arabica', price=9, acidity=5.02, roast_level='MEDIUM') to cart 413
[2023-04-23T 14:34:29] INFO add_to_cart - adds Coffee(name='Arabica', price=9, acidity=5.02, roast_level='MEDIUM') to cart 413
[2023-04-23T 14:34:29] INFO place_order - cart 413 was ordered
[2023-04-23T 14:34:29] INFO publish - producer 7 adds product Coffee(name='Brasil', price=7, acidity=5.09, roast_level='MEDIUM')
[2023-04-23T 14:34:29] INFO publish - producer 6 adds product Coffee(name='Ethiopia', price=10, acidity=5.09, roast_level='MEDIUM')
[2023-04-23T 14:34:29] INFO publish - producer 47 adds product Coffee(name='Indonezia', price=1, acidity=5.05, roast_level='MEDIUM')
[2023-04-23T 14:34:29] INFO publish - producer 31 adds product Tea(name='Vietnam Oolong', price=10, type='Oolong')
[2023-04-23T 14:34:29] INFO publish - producer 45 adds product Coffee(name='Brasil', price=7, acidity=5.09, roast_level='MEDIUM')
[2023-04-23T 14:34:29] INFO publish - producer 26 adds product Tea(name='Jasmine', price=6, type='Green')
[2023-04-23T 14:34:29] INFO publish - producer 10 adds product Tea(name='Vietnam Oolong', price=10, type='Oolong')
[2023-04-23T 14:34:29] INFO publish - producer 27 adds product Coffee(name='Arabica', price=9, acidity=5.02, roast_level='MEDIUM')
[2023-04-23T 14:34:29] INFO publish - producer 24 adds product Coffee(name='Brasil', price=7, acidity=5.09, roast_level='MEDIUM')
[2023-04-23T 14:34:29] INFO publish - producer 36 adds product Coffee(name='Ethiopia', price=10, acidity=5.09, roast_level='MEDIUM')
[2023-04-23T 14:34:29] INFO publish - producer 16 adds product Tea(name='Jasmine', price=6, type='Green')
[2023-04-23T 14:34:29] INFO publish - producer 29 adds product Tea(name='Pai Mu Tan', price=9, type='White')
[2023-04-23T 14:34:29] INFO publish - producer 8 adds product Tea(name='Pai Mu Tan', price=9, type='White')
[2023-04-23T 14:34:29] INFO publish - producer 44 adds product Tea(name='White Peach', price=5, type='White')
[2023-04-23T 14:34:29] INFO publish - producer 13 adds product Tea(name='Jasmine', price=6, type='Green')
[2023-04-23T 14:34:29] INFO publish - producer 20 adds product Tea(name='Pai Mu Tan', price=9, type='White')
[2023-04-23T 14:34:29] INFO add_to_cart - adds Tea(name='Jasmine', price=6, type='Green') to cart 573
[2023-04-23T 14:34:29] INFO add_to_cart - adds Tea(name='Jasmine', price=6, type='Green') to cart 573
[2023-04-23T 14:34:29] INFO add_to_cart - adds Coffee(name='Indonezia', price=1, acidity=5.05, roast_level='MEDIUM') to cart 573
[2023-04-23T 14:34:29] INFO add_to_cart - adds Coffee(name='Indonezia', price=1, acidity=5.05, roast_level='MEDIUM') to cart 573
[2023-04-23T 14:34:29] INFO add_to_cart - adds Coffee(name='Indonezia', price=1, acidity=5.05, roast_level='MEDIUM') to cart 573
[2023-04-23T 14:34:29] INFO place_order - cart 573 was ordered
[2023-04-23T 14:34:29] INFO new_cart - returns id of new cart 574
[2023-04-23T 14:34:29] INFO add_to_cart - adds Coffee(name='Indonezia', price=1, acidity=5.05, roast_level='MEDIUM') to cart 575
[2023-04-23T 14:34:29] INFO add_to_cart - adds Coffee(name='Indonezia', price=1, acidity=5.05, roast_level='MEDIUM') to cart 575
[2023-04-23T 14:34:29] INFO add_to_cart - adds Coffee(name='Indonezia', price=1, acidity=5.05, roast_level='MEDIUM') to cart 575
[2023-04-23T 14:34:29] INFO add_to_cart - adds Tea(name='Pai Mu Tan', price=9, type='White') to cart 575
[2023-04-23T 14:34:29] INFO add_to_cart - adds Coffee(name='Brasil', price=7, acidity=5.09, roast_level='MEDIUM') to cart 575
[2023-04-23T 14:34:29] INFO add_to_cart - adds Coffee(name='Brasil', price=7, acidity=5.09, roast_level='MEDIUM') to cart 575
[2023-04-23T 14:34:29] INFO add_to_cart - adds Coffee(name='Brasil', price=7, acidity=5.09, roast_level='MEDIUM') to cart 575
[2023-04-23T 14:34:29] INFO add_to_cart - adds Coffee(name='Brasil', price=7, acidity=5.09, roast_level='MEDIUM') to cart 575
[2023-04-23T 14:34:29] INFO add_to_cart - adds Coffee(name='Brasil', price=7, acidity=5.09, roast_level='MEDIUM') to cart 575
[2023-04-23T 14:34:29] INFO remove_from_cart - product Coffee(name='Indonezia', price=1, acidity=5.05, roast_level='MEDIUM') is removed from cart 575
[2023-04-23T 14:34:29] INFO remove_from_cart - product Coffee(name='Indonezia', price=1, acidity=5.05, roast_level='MEDIUM') is removed from cart 575
[2023-04-23T 14:34:29] INFO remove_from_cart - product Coffee(name='Indonezia', price=1, acidity=5.05, roast_level='MEDIUM') is removed from cart 575
[2023-04-23T 14:34:29] INFO place_order - cart 575 was ordered
[2023-04-23T 14:34:29] INFO publish - producer 34 adds product Tea(name='Pai Mu Tan', price=9, type='White')
[2023-04-23T 14:34:29] INFO publish - producer 5 adds product Coffee(name='Indonezia', price=1, acidity=5.05, roast_level='MEDIUM')
[2023-04-23T 14:34:29] INFO publish - producer 14 adds product Tea(name='Jasmine', price=6, type='Green')
[2023-04-23T 14:34:29] INFO publish - producer 3 adds product Coffee(name='Indonezia', price=1, acidity=5.05, roast_level='MEDIUM')
[2023-04-23T 14:34:29] INFO publish - producer 1 adds product Tea(name='White Peach', price=5, type='White')
[2023-04-23T 14:34:29] INFO publish - producer 23 adds product Tea(name='English Breakfast', price=2, type='Black')
[2023-04-23T 14:34:30] INFO publish - producer 9 adds product Coffee(name='Indonezia', price=1, acidity=5.05, roast_level='MEDIUM')
[2023-04-23T 14:34:30] INFO publish - producer 48 adds product Tea(name='White Peach', price=5, type='White')
[2023-04-23T 14:34:30] INFO publish - producer 27 adds product Coffee(name='Arabica', price=9, acidity=5.02, roast_level='MEDIUM')
[2023-04-23T 14:34:30] INFO publish - producer 18 adds product Coffee(name='Brasil', price=7, acidity=5.09, roast_level='MEDIUM')
[2023-04-23T 14:34:30] INFO publish - producer 50 adds product Tea(name='English Breakfast', price=2, type='Black')
[2023-04-23T 14:34:30] INFO publish - producer 38 adds product Tea(name='Pai Mu Tan', price=9, type='White')
[2023-04-23T 14:34:30] INFO publish - producer 2 adds product Coffee(name='Indonezia', price=1, acidity=5.05, roast_level='MEDIUM')
[2023-04-23T 14:34:30] INFO publish - producer 37 adds product Coffee(name='Arabica', price=9, acidity=5.02, roast_level='MEDIUM')
[2023-04-23T 14:34:30] INFO publish - producer 41 adds product Tea(name='English Breakfast', price=2, type='Black')
[2023-04-23T 14:34:30] INFO publish - producer 39 adds product Coffee(name='Arabica', price=9, acidity=5.02, roast_level='MEDIUM')
[2023-04-23T 14:34:30] INFO publish - producer 7 adds product Coffee(name='Indonezia', price=1, acidity=5.05, roast_level='MEDIUM')
[2023-04-23T 14:34:30] INFO publish - producer 27 adds product Tea(name='Jasmine', price=6, type='Green')
[2023-04-23T 14:34:30] INFO publish - producer 17 adds product Tea(name='Pai Mu Tan', price=9, type='White')
[2023-04-23T 14:34:30] INFO publish - producer 33 adds product Coffee(name='Ethiopia', price=10, acidity=5.09, roast_level='MEDIUM')
[2023-04-23T 14:34:30] INFO publish - producer 19 adds product Coffee(name='Robusta', price=3, acidity=5.0, roast_level='MEDIUM')
[2023-04-23T 14:34:30] INFO publish - producer 23 adds product Tea(name='White Peach', price=5, type='White')
[2023-04-23T 14:34:30] INFO publish - producer 13 adds product Tea(name='Jasmine', price=6, type='Green')
[2023-04-23T 14:34:30] INFO publish - producer 3 adds product Coffee(name='Indonezia', price=1, acidity=5.05, roast_level='MEDIUM')
[2023-04-23T 14:34:30] INFO add_to_cart - adds Tea(name='Jasmine', price=6, type='Green') to cart 512
[2023-04-23T 14:34:30] INFO add_to_cart - adds Tea(name='Jasmine', price=6, type='Green') to cart 512
[2023-04-23T 14:34:30] INFO add_to_cart - adds Tea(name='Jasmine', price=6, type='Green') to cart 512
[2023-04-23T 14:34:30] INFO place_order - cart 512 was ordered
[2023-04-23T 14:34:30] INFO new_cart - returns id of new cart 575
[2023-04-23T 14:34:30] INFO add_to_cart - adds Tea(name='Jasmine', price=6, type='Green') to cart 576
[2023-04-23T 14:34:30] INFO add_to_cart - adds Tea(name='Jasmine', price=6, type='Green') to cart 576
[2023-04-23T 14:34:30] INFO publish - producer 12 adds product Coffee(name='Brasil', price=7, acidity=5.09, roast_level='MEDIUM')
[2023-04-23T 14:34:30] INFO publish - producer 14 adds product Coffee(name='Brasil', price=7, acidity=5.09, roast_level='MEDIUM')
[2023-04-23T 14:34:30] INFO publish - producer 22 adds product Coffee(name='Robusta', price=3, acidity=5.0, roast_level='MEDIUM')
[2023-04-23T 14:34:30] INFO publish - producer 5 adds product Tea(name='Pai Mu Tan', price=9, type='White')
[2023-04-23T 14:34:30] INFO publish - producer 44 adds product Coffee(name='Indonezia', price=1, acidity=5.05, roast_level='MEDIUM')
[2023-04-23T 14:34:30] INFO publish - producer 4 adds product Coffee(name='Brasil', price=7, acidity=5.09, roast_level='MEDIUM')
[2023-04-23T 14:34:30] INFO publish - producer 30 adds product Coffee(name='Ethiopia', price=10, acidity=5.09, roast_level='MEDIUM')
[2023-04-23T 14:34:30] INFO publish - producer 11 adds product Coffee(name='Brasil', price=7, acidity=5.09, roast_level='MEDIUM')
[2023-04-23T 14:34:30] INFO publish - producer 28 adds product Tea(name='Vietnam Oolong', price=10, type='Oolong')
[2023-04-23T 14:34:30] INFO publish - producer 36 adds product Tea(name='English Breakfast', price=2, type='Black')
[2023-04-23T 14:34:30] INFO publish - producer 26 adds product Tea(name='White Peach', price=5, type='White')
[2023-04-23T 14:34:30] INFO publish - producer 37 adds product Tea(name='Vietnam Oolong', price=10, type='Oolong')
[2023-04-23T 14:34:30] INFO add_to_cart - adds Tea(name='Jasmine', price=6, type='Green') to cart 141
[2023-04-23T 14:34:30] INFO publish - producer 7 adds product Coffee(name='Indonezia', price=1, acidity=5.05, roast_level='MEDIUM')
[2023-04-23T 14:34:30] INFO publish - producer 14 adds product Tea(name='White Peach', price=5, type='White')
[2023-04-23T 14:34:30] INFO publish - producer 15 adds product Tea(name='White Peach', price=5, type='White')
[2023-04-23T 14:34:30] INFO publish - producer 32 adds product Tea(name='White Peach', price=5, type='White')
[2023-04-23T 14:34:30] INFO publish - producer 45 adds product Coffee(name='Brasil', price=7, acidity=5.09, roast_level='MEDIUM')
[2023-04-23T 14:34:30] INFO publish - producer 8 adds product Coffee(name='Indonezia', price=1, acidity=5.05, roast_level='MEDIUM')
[2023-04-23T 14:34:30] INFO publish - producer 6 adds product Coffee(name='Robusta', price=3, acidity=5.0, roast_level='MEDIUM')
[2023-04-23T 14:34:30] INFO publish - producer 21 adds product Tea(name='Vietnam Oolong', price=10, type='Oolong')
[2023-04-23T 14:34:30] INFO publish - producer 40 adds product Coffee(name='Ethiopia', price=10, acidity=5.09, roast_level='MEDIUM')
[2023-04-23T 14:34:30] INFO publish - producer 3 adds product Tea(name='English Breakfast', price=2, type='Black')
[2023-04-23T 14:34:30] INFO publish - producer 13 adds product Coffee(name='Ethiopia', price=10, acidity=5.09, roast_level='MEDIUM')
[2023-04-23T 14:34:30] INFO publish - producer 9 adds product Coffee(name='Indonezia', price=1, acidity=5.05, roast_level='MEDIUM')
[2023-04-23T 14:34:30] INFO publish - producer 46 adds product Coffee(name='Robusta', price=3, acidity=5.0, roast_level='MEDIUM')
[2023-04-23T 14:34:30] INFO publish - producer 49 adds product Tea(name='Pai Mu Tan', price=9, type='White')
[2023-04-23T 14:34:30] INFO publish - producer 47 adds product Coffee(name='Indonezia', price=1, acidity=5.05, roast_level='MEDIUM')
[2023-04-23T 14:34:30] INFO publish - producer 7 adds product Coffee(name='Indonezia', price=1, acidity=5.05, roast_level='MEDIUM')
[2023-04-23T 14:34:30] INFO publish - producer 17 adds product Tea(name='Pai Mu Tan', price=9, type='White')
[2023-04-23T 14:34:30] INFO publish - producer 10 adds product Tea(name='Vietnam Oolong', price=10, type='Oolong')
[2023-04-23T 14:34:30] INFO publish - producer 16 adds product Coffee(name='Arabica', price=9, acidity=5.02, roast_level='MEDIUM')
[2023-04-23T 14:34:30] INFO publish - producer 2 adds product Tea(name='Jasmine', price=6, type='Green')
[2023-04-23T 14:34:30] INFO publish - producer 50 adds product Tea(name='English Breakfast', price=2, type='Black')
[2023-04-23T 14:34:30] INFO publish - producer 44 adds product Coffee(name='Indonezia', price=1, acidity=5.05, roast_level='MEDIUM')
[2023-04-23T 14:34:30] INFO publish - producer 3 adds product Tea(name='Jasmine', price=6, type='Green')
[2023-04-23T 14:34:30] INFO publish - producer 13 adds product Coffee(name='Ethiopia', price=10, acidity=5.09, roast_level='MEDIUM')
[2023-04-23T 14:34:30] INFO publish - producer 35 adds product Tea(name='Vietnam Oolong', price=10, type='Oolong')
[2023-04-23T 14:34:30] INFO publish - producer 31 adds product Tea(name='Vietnam Oolong', price=10, type='Oolong')
[2023-04-23T 14:34:30] INFO publish - producer 42 adds product Tea(name='Vietnam Oolong', price=10, type='Oolong')
[2023-04-23T 14:34:30] INFO publish - producer 41 adds product Coffee(name='Brasil', price=7, acidity=5.09, roast_level='MEDIUM')
[2023-04-23T 14:34:30] INFO publish - producer 1 adds product Tea(name='Vietnam Oolong', price=10, type='Oolong')
[2023-04-23T 14:34:30] INFO publish - producer 30 adds product Tea(name='Jasmine', price=6, type='Green')
[2023-04-23T 14:34:30] INFO publish - producer 25 adds product Coffee(name='Brasil', price=7, acidity=5.09, roast_level='MEDIUM')
[2023-04-23T 14:34:30] INFO publish - producer 5 adds product Tea(name='Pai Mu Tan', price=9, type='White')
[2023-04-23T 14:34:30] INFO publish - producer 19 adds product Coffee(name='Robusta', price=3, acidity=5.0, roast_level='MEDIUM')
[2023-04-23T 14:34:30] INFO publish - producer 13 adds product Tea(name='White Peach', price=5, type='White')
[2023-04-23T 14:34:30] INFO publish - producer 36 adds product Coffee(name='Arabica', price=9, acidity=5.02, roast_level='MEDIUM')
[2023-04-23T 14:34:30] INFO publish - producer 7 adds product Coffee(name='Brasil', price=7, acidity=5.09, roast_level='MEDIUM')
[2023-04-23T 14:34:30] INFO publish - producer 11 adds product Coffee(name='Brasil', price=7, acidity=5.09, roast_level='MEDIUM')
[2023-04-23T 14:34:30] INFO publish - producer 18 adds product Coffee(name='Robusta', price=3, acidity=5.0, roast_level='MEDIUM')
[2023-04-23T 14:34:30] INFO publish - producer 16 adds product Coffee(name='Indonezia', price=1, acidity=5.05, roast_level='MEDIUM')
[2023-04-23T 14:34:30] INFO publish - producer 34 adds product Tea(name='Pai Mu Tan', price=9, type='White')
[2023-04-23T 14:34:30] INFO publish - producer 2 adds product Tea(name='English Breakfast', price=2, type='Black')
[2023-04-23T 14:34:30] INFO publish - producer 48 adds product Tea(name='English Breakfast', price=2, type='Black')
[2023-04-23T 14:34:30] INFO publish - producer 27 adds product Tea(name='Jasmine', price=6, type='Green')
[2023-04-23T 14:34:30] INFO publish - producer 15 adds product Coffee(name='Robusta', price=3, acidity=5.0, roast_level='MEDIUM')
[2023-04-23T 14:34:30] INFO publish - producer 4 adds product Coffee(name='Brasil', price=7, acidity=5.09, roast_level='MEDIUM')
[2023-04-23T 14:34:30] INFO publish - producer 13 adds product Tea(name='White Peach', price=5, type='White')
[2023-04-23T 14:34:30] INFO publish - producer 22 adds product Coffee(name='Robusta', price=3, acidity=5.0, roast_level='MEDIUM')
[2023-04-23T 14:34:30] INFO add_to_cart - adds Tea(name='Jasmine', price=6, type='Green') to cart 576
[2023-04-23T 14:34:30] INFO add_to_cart - adds Tea(name='Jasmine', price=6, type='Green') to cart 576
[2023-04-23T 14:34:30] INFO place_order - cart 576 was ordered
[2023-04-23T 14:34:30] INFO new_cart - returns id of new cart 576
[2023-04-23T 14:34:30] INFO add_to_cart - adds Coffee(name='Robusta', price=3, acidity=5.0, roast_level='MEDIUM') to cart 577
[2023-04-23T 14:34:30] INFO add_to_cart - adds Coffee(name='Robusta', price=3, acidity=5.0, roast_level='MEDIUM') to cart 577
[2023-04-23T 14:34:30] INFO add_to_cart - adds Coffee(name='Robusta', price=3, acidity=5.0, roast_level='MEDIUM') to cart 577
[2023-04-23T 14:34:30] INFO publish - producer 24 adds product Coffee(name='Brasil', price=7, acidity=5.09, roast_level='MEDIUM')
[2023-04-23T 14:34:30] INFO place_order - cart 577 was ordered
[2023-04-23T 14:34:30] INFO publish - producer 29 adds product Tea(name='Pai Mu Tan', price=9, type='White')
[2023-04-23T 14:34:30] INFO publish - producer 33 adds product Coffee(name='Indonezia', price=1, acidity=5.05, roast_level='MEDIUM')
[2023-04-23T 14:34:30] INFO publish - producer 3 adds product Tea(name='Jasmine', price=6, type='Green')
[2023-04-23T 14:34:30] INFO publish - producer 45 adds product Coffee(name='Brasil', price=7, acidity=5.09, roast_level='MEDIUM')
[2023-04-23T 14:34:30] INFO publish - producer 23 adds product Tea(name='English Breakfast', price=2, type='Black')
[2023-04-23T 14:34:30] INFO publish - producer 12 adds product Tea(name='Vietnam Oolong', price=10, type='Oolong')
[2023-04-23T 14:34:30] INFO publish - producer 36 adds product Tea(name='Jasmine', price=6, type='Green')
[2023-04-23T 14:34:30] INFO publish - producer 26 adds product Tea(name='English Breakfast', price=2, type='Black')
[2023-04-23T 14:34:30] INFO publish - producer 37 adds product Tea(name='White Peach', price=5, type='White')
[2023-04-23T 14:34:30] INFO publish - producer 44 adds product Coffee(name='Indonezia', price=1, acidity=5.05, roast_level='MEDIUM')
[2023-04-23T 14:34:30] INFO publish - producer 17 adds product Tea(name='Pai Mu Tan', price=9, type='White')
[2023-04-23T 14:34:30] INFO publish - producer 35 adds product Tea(name='English Breakfast', price=2, type='Black')
[2023-04-23T 14:34:30] INFO publish - producer 20 adds product Coffee(name='Robusta', price=3, acidity=5.0, roast_level='MEDIUM')
[2023-04-23T 14:34:30] INFO publish - producer 38 adds product Tea(name='Pai Mu Tan', price=9, type='White')
[2023-04-23T 14:34:30] INFO add_to_cart - adds Tea(name='Jasmine', price=6, type='Green') to cart 141
[2023-04-23T 14:34:30] INFO add_to_cart - adds Tea(name='Jasmine', price=6, type='Green') to cart 141
[2023-04-23T 14:34:30] INFO add_to_cart - adds Tea(name='English Breakfast', price=2, type='Black') to cart 141
[2023-04-23T 14:34:30] INFO add_to_cart - adds Tea(name='English Breakfast', price=2, type='Black') to cart 141
[2023-04-23T 14:34:30] INFO add_to_cart - adds Tea(name='English Breakfast', price=2, type='Black') to cart 141
[2023-04-23T 14:34:30] INFO add_to_cart - adds Tea(name='English Breakfast', price=2, type='Black') to cart 141
[2023-04-23T 14:34:30] INFO add_to_cart - adds Tea(name='Pai Mu Tan', price=9, type='White') to cart 141
[2023-04-23T 14:34:30] INFO place_order - cart 141 was ordered
[2023-04-23T 14:34:30] INFO new_cart - returns id of new cart 577
[2023-04-23T 14:34:30] INFO add_to_cart - adds Tea(name='Jasmine', price=6, type='Green') to cart 578
[2023-04-23T 14:34:30] INFO add_to_cart - adds Tea(name='Jasmine', price=6, type='Green') to cart 578
[2023-04-23T 14:34:30] INFO publish - producer 9 adds product Coffee(name='Indonezia', price=1, acidity=5.05, roast_level='MEDIUM')
[2023-04-23T 14:34:30] INFO publish - producer 2 adds product Tea(name='English Breakfast', price=2, type='Black')
[2023-04-23T 14:34:30] INFO publish - producer 28 adds product Tea(name='Vietnam Oolong', price=10, type='Oolong')
[2023-04-23T 14:34:30] INFO publish - producer 14 adds product Tea(name='Vietnam Oolong', price=10, type='Oolong')
[2023-04-23T 14:34:30] INFO publish - producer 32 adds product Tea(name='White Peach', price=5, type='White')
[2023-04-23T 14:34:30] INFO publish - producer 18 adds product Coffee(name='Arabica', price=9, acidity=5.02, roast_level='MEDIUM')
[2023-04-23T 14:34:30] INFO publish - producer 7 adds product Coffee(name='Brasil', price=7, acidity=5.09, roast_level='MEDIUM')
[2023-04-23T 14:34:30] INFO publish - producer 6 adds product Coffee(name='Robusta', price=3, acidity=5.0, roast_level='MEDIUM')
[2023-04-23T 14:34:30] INFO publish - producer 8 adds product Tea(name='Pai Mu Tan', price=9, type='White')
[2023-04-23T 14:34:30] INFO publish - producer 23 adds product Tea(name='English Breakfast', price=2, type='Black')
[2023-04-23T 14:34:30] INFO publish - producer 43 adds product Coffee(name='Indonezia', price=1, acidity=5.05, roast_level='MEDIUM')
[2023-04-23T 14:34:30] INFO publish - producer 1 adds product Tea(name='Vietnam Oolong', price=10, type='Oolong')
[2023-04-23T 14:34:30] INFO publish - producer 50 adds product Coffee(name='Arabica', price=9, acidity=5.02, roast_level='MEDIUM')
[2023-04-23T 14:34:30] INFO publish - producer 3 adds product Coffee(name='Robusta', price=3, acidity=5.0, roast_level='MEDIUM')
[2023-04-23T 14:34:30] INFO publish - producer 5 adds product Coffee(name='Arabica', price=9, acidity=5.02, roast_level='MEDIUM')
[2023-04-23T 14:34:30] INFO publish - producer 39 adds product Coffee(name='Arabica', price=9, acidity=5.02, roast_level='MEDIUM')
[2023-04-23T 14:34:30] INFO publish - producer 21 adds product Tea(name='Vietnam Oolong', price=10, type='Oolong')
[2023-04-23T 14:34:30] INFO publish - producer 46 adds product Coffee(name='Robusta', price=3, acidity=5.0, roast_level='MEDIUM')
[2023-04-23T 14:34:30] INFO publish - producer 36 adds product Tea(name='Jasmine', price=6, type='Green')
[2023-04-23T 14:34:30] INFO publish - producer 37 adds product Tea(name='White Peach', price=5, type='White')
[2023-04-23T 14:34:30] INFO publish - producer 16 adds product Coffee(name='Indonezia', price=1, acidity=5.05, roast_level='MEDIUM')
[2023-04-23T 14:34:30] INFO publish - producer 47 adds product Coffee(name='Indonezia', price=1, acidity=5.05, roast_level='MEDIUM')
[2023-04-23T 14:34:30] INFO publish - producer 2 adds product Tea(name='English Breakfast', price=2, type='Black')
[2023-04-23T 14:34:30] INFO publish - producer 49 adds product Coffee(name='Brasil', price=7, acidity=5.09, roast_level='MEDIUM')
[2023-04-23T 14:34:30] INFO publish - producer 10 adds product Tea(name='Vietnam Oolong', price=10, type='Oolong')
[2023-04-23T 14:34:30] INFO publish - producer 44 adds product Tea(name='White Peach', price=5, type='White')
[2023-04-23T 14:34:30] INFO publish - producer 11 adds product Coffee(name='Arabica', price=9, acidity=5.02, roast_level='MEDIUM')
[2023-04-23T 14:34:30] INFO publish - producer 19 adds product Tea(name='English Breakfast', price=2, type='Black')
[2023-04-23T 14:34:30] INFO publish - producer 17 adds product Tea(name='Pai Mu Tan', price=9, type='White')
[2023-04-23T 14:34:30] INFO publish - producer 30 adds product Tea(name='White Peach', price=5, type='White')
[2023-04-23T 14:34:30] INFO publish - producer 23 adds product Tea(name='White Peach', price=5, type='White')
[2023-04-23T 14:34:30] INFO publish - producer 40 adds product Coffee(name='Ethiopia', price=10, acidity=5.09, roast_level='MEDIUM')
[2023-04-23T 14:34:30] INFO publish - producer 15 adds product Coffee(name='Robusta', price=3, acidity=5.0, roast_level='MEDIUM')
[2023-04-23T 14:34:30] INFO publish - producer 33 adds product Tea(name='Pai Mu Tan', price=9, type='White')
[2023-04-23T 14:34:30] INFO publish - producer 7 adds product Coffee(name='Brasil', price=7, acidity=5.09, roast_level='MEDIUM')
[2023-04-23T 14:34:30] INFO publish - producer 18 adds product Tea(name='English Breakfast', price=2, type='Black')
[2023-04-23T 14:34:30] INFO publish - producer 26 adds product Coffee(name='Arabica', price=9, acidity=5.02, roast_level='MEDIUM')
[2023-04-23T 14:34:30] INFO publish - producer 31 adds product Tea(name='Vietnam Oolong', price=10, type='Oolong')
[2023-04-23T 14:34:30] INFO publish - producer 41 adds product Coffee(name='Brasil', price=7, acidity=5.09, roast_level='MEDIUM')
[2023-04-23T 14:34:30] INFO publish - producer 4 adds product Tea(name='White Peach', price=5, type='White')
[2023-04-23T 14:34:30] INFO publish - producer 45 adds product Coffee(name='Indonezia', price=1, acidity=5.05, roast_level='MEDIUM')
[2023-04-23T 14:34:30] INFO publish - producer 3 adds product Coffee(name='Arabica', price=9, acidity=5.02, roast_level='MEDIUM')
[2023-04-23T 14:34:30] INFO publish - producer 14 adds product Tea(name='Vietnam Oolong', price=10, type='Oolong')
[2023-04-23T 14:34:30] INFO publish - producer 12 adds product Tea(name='Vietnam Oolong', price=10, type='Oolong')
[2023-04-23T 14:34:30] INFO publish - producer 27 adds product Tea(name='Pai Mu Tan', price=9, type='White')
[2023-04-23T 14:34:30] INFO publish - producer 36 adds product Tea(name='Jasmine', price=6, type='Green')
[2023-04-23T 14:34:30] INFO publish - producer 22 adds product Coffee(name='Robusta', price=3, acidity=5.0, roast_level='MEDIUM')
[2023-04-23T 14:34:30] INFO publish - producer 37 adds product Coffee(name='Arabica', price=9, acidity=5.02, roast_level='MEDIUM')
[2023-04-23T 14:34:30] INFO publish - producer 2 adds product Tea(name='Vietnam Oolong', price=10, type='Oolong')
[2023-04-23T 14:34:30] INFO publish - producer 42 adds product Tea(name='Vietnam Oolong', price=10, type='Oolong')
[2023-04-23T 14:34:30] INFO publish - producer 9 adds product Coffee(name='Indonezia', price=1, acidity=5.05, roast_level='MEDIUM')
[2023-04-23T 14:34:30] INFO publish - producer 19 adds product Coffee(name='Robusta', price=3, acidity=5.0, roast_level='MEDIUM')
[2023-04-23T 14:34:30] INFO publish - producer 13 adds product Tea(name='White Peach', price=5, type='White')
[2023-04-23T 14:34:30] INFO publish - producer 1 adds product Tea(name='White Peach', price=5, type='White')
[2023-04-23T 14:34:30] INFO publish - producer 48 adds product Tea(name='English Breakfast', price=2, type='Black')
[2023-04-23T 14:34:30] INFO publish - producer 34 adds product Tea(name='Pai Mu Tan', price=9, type='White')
[2023-04-23T 14:34:30] INFO publish - producer 44 adds product Tea(name='White Peach', price=5, type='White')
[2023-04-23T 14:34:30] INFO publish - producer 5 adds product Coffee(name='Arabica', price=9, acidity=5.02, roast_level='MEDIUM')
[2023-04-23T 14:34:30] INFO add_to_cart - adds Tea(name='Jasmine', price=6, type='Green') to cart 578
[2023-04-23T 14:34:30] INFO add_to_cart - adds Tea(name='Jasmine', price=6, type='Green') to cart 578
[2023-04-23T 14:34:30] INFO publish - producer 8 adds product Coffee(name='Indonezia', price=1, acidity=5.05, roast_level='MEDIUM')
[2023-04-23T 14:34:30] INFO publish - producer 16 adds product Tea(name='Jasmine', price=6, type='Green')
[2023-04-23T 14:34:30] INFO publish - producer 7 adds product Coffee(name='Indonezia', price=1, acidity=5.05, roast_level='MEDIUM')
[2023-04-23T 14:34:30] INFO publish - producer 32 adds product Coffee(name='Ethiopia', price=10, acidity=5.09, roast_level='MEDIUM')
[2023-04-23T 14:34:30] INFO publish - producer 6 adds product Coffee(name='Robusta', price=3, acidity=5.0, roast_level='MEDIUM')
[2023-04-23T 14:34:31] INFO publish - producer 37 adds product Coffee(name='Arabica', price=9, acidity=5.02, roast_level='MEDIUM')
[2023-04-23T 14:34:31] INFO publish - producer 28 adds product Tea(name='Vietnam Oolong', price=10, type='Oolong')
[2023-04-23T 14:34:31] INFO publish - producer 15 adds product Coffee(name='Robusta', price=3, acidity=5.0, roast_level='MEDIUM')
[2023-04-23T 14:34:31] INFO publish - producer 35 adds product Tea(name='English Breakfast', price=2, type='Black')
[2023-04-23T 14:34:31] INFO publish - producer 18 adds product Tea(name='English Breakfast', price=2, type='Black')
[2023-04-23T 14:34:31] INFO publish - producer 11 adds product Coffee(name='Arabica', price=9, acidity=5.02, roast_level='MEDIUM')
[2023-04-23T 14:34:31] INFO publish - producer 24 adds product Coffee(name='Robusta', price=3, acidity=5.0, roast_level='MEDIUM')
[2023-04-23T 14:34:31] INFO publish - producer 29 adds product Coffee(name='Ethiopia', price=10, acidity=5.09, roast_level='MEDIUM')
[2023-04-23T 14:34:31] INFO publish - producer 38 adds product Coffee(name='Robusta', price=3, acidity=5.0, roast_level='MEDIUM')
[2023-04-23T 14:34:31] INFO publish - producer 46 adds product Tea(name='Pai Mu Tan', price=9, type='White')
[2023-04-23T 14:34:31] INFO publish - producer 25 adds product Coffee(name='Ethiopia', price=10, acidity=5.09, roast_level='MEDIUM')
[2023-04-23T 14:34:31] INFO publish - producer 47 adds product Coffee(name='Ethiopia', price=10, acidity=5.09, roast_level='MEDIUM')
[2023-04-23T 14:34:31] INFO publish - producer 21 adds product Tea(name='Vietnam Oolong', price=10, type='Oolong')
[2023-04-23T 14:34:31] INFO publish - producer 10 adds product Coffee(name='Ethiopia', price=10, acidity=5.09, roast_level='MEDIUM')
[2023-04-23T 14:34:31] INFO publish - producer 44 adds product Coffee(name='Indonezia', price=1, acidity=5.05, roast_level='MEDIUM')
[2023-04-23T 14:34:31] INFO publish - producer 36 adds product Tea(name='Pai Mu Tan', price=9, type='White')
[2023-04-23T 14:34:31] INFO publish - producer 12 adds product Tea(name='Vietnam Oolong', price=10, type='Oolong')
[2023-04-23T 14:34:31] INFO publish - producer 7 adds product Coffee(name='Indonezia', price=1, acidity=5.05, roast_level='MEDIUM')
[2023-04-23T 14:34:31] INFO publish - producer 37 adds product Coffee(name='Arabica', price=9, acidity=5.02, roast_level='MEDIUM')
[2023-04-23T 14:34:31] INFO publish - producer 26 adds product Coffee(name='Arabica', price=9, acidity=5.02, roast_level='MEDIUM')
[2023-04-23T 14:34:31] INFO publish - producer 3 adds product Tea(name='Pai Mu Tan', price=9, type='White')
[2023-04-23T 14:34:31] INFO publish - producer 23 adds product Tea(name='English Breakfast', price=2, type='Black')
[2023-04-23T 14:34:31] INFO publish - producer 9 adds product Coffee(name='Indonezia', price=1, acidity=5.05, roast_level='MEDIUM')
[2023-04-23T 14:34:31] INFO publish - producer 27 adds product Tea(name='Pai Mu Tan', price=9, type='White')
[2023-04-23T 14:34:31] INFO publish - producer 50 adds product Coffee(name='Indonezia', price=1, acidity=5.05, roast_level='MEDIUM')
[2023-04-23T 14:34:31] INFO publish - producer 4 adds product Coffee(name='Indonezia', price=1, acidity=5.05, roast_level='MEDIUM')
[2023-04-23T 14:34:31] INFO publish - producer 2 adds product Coffee(name='Robusta', price=3, acidity=5.0, roast_level='MEDIUM')
[2023-04-23T 14:34:31] INFO publish - producer 20 adds product Coffee(name='Arabica', price=9, acidity=5.02, roast_level='MEDIUM')
[2023-04-23T 14:34:31] INFO publish - producer 49 adds product Coffee(name='Brasil', price=7, acidity=5.09, roast_level='MEDIUM')
[2023-04-23T 14:34:31] INFO publish - producer 5 adds product Tea(name='English Breakfast', price=2, type='Black')
[2023-04-23T 14:34:31] INFO publish - producer 19 adds product Coffee(name='Robusta', price=3, acidity=5.0, roast_level='MEDIUM')
[2023-04-23T 14:34:31] INFO publish - producer 22 adds product Tea(name='Vietnam Oolong', price=10, type='Oolong')
[2023-04-23T 14:34:31] INFO publish - producer 33 adds product Tea(name='White Peach', price=5, type='White')
[2023-04-23T 14:34:31] INFO publish - producer 41 adds product Coffee(name='Arabica', price=9, acidity=5.02, roast_level='MEDIUM')
[2023-04-23T 14:34:31] INFO publish - producer 17 adds product Tea(name='Pai Mu Tan', price=9, type='White')
[2023-04-23T 14:34:31] INFO publish - producer 2 adds product Coffee(name='Robusta', price=3, acidity=5.0, roast_level='MEDIUM')
[2023-04-23T 14:34:31] INFO publish - producer 10 adds product Coffee(name='Brasil', price=7, acidity=5.09, roast_level='MEDIUM')
[2023-04-23T 14:34:31] INFO publish - producer 31 adds product Coffee(name='Brasil', price=7, acidity=5.09, roast_level='MEDIUM')
[2023-04-23T 14:34:31] INFO publish - producer 40 adds product Tea(name='Jasmine', price=6, type='Green')
[2023-04-23T 14:34:31] INFO publish - producer 30 adds product Tea(name='White Peach', price=5, type='White')
[2023-04-23T 14:34:31] INFO publish - producer 23 adds product Tea(name='English Breakfast', price=2, type='Black')
[2023-04-23T 14:34:31] INFO publish - producer 39 adds product Tea(name='English Breakfast', price=2, type='Black')
[2023-04-23T 14:34:31] INFO publish - producer 1 adds product Tea(name='Vietnam Oolong', price=10, type='Oolong')
[2023-04-23T 14:34:31] INFO publish - producer 45 adds product Coffee(name='Indonezia', price=1, acidity=5.05, roast_level='MEDIUM')
[2023-04-23T 14:34:31] INFO publish - producer 37 adds product Tea(name='Vietnam Oolong', price=10, type='Oolong')
[2023-04-23T 14:34:31] INFO add_to_cart - adds Tea(name='Jasmine', price=6, type='Green') to cart 578
[2023-04-23T 14:34:31] INFO add_to_cart - adds Coffee(name='Indonezia', price=1, acidity=5.05, roast_level='MEDIUM') to cart 578
[2023-04-23T 14:34:31] INFO add_to_cart - adds Coffee(name='Indonezia', price=1, acidity=5.05, roast_level='MEDIUM') to cart 578
[2023-04-23T 14:34:31] INFO add_to_cart - adds Coffee(name='Indonezia', price=1, acidity=5.05, roast_level='MEDIUM') to cart 578
[2023-04-23T 14:34:31] INFO add_to_cart - adds Coffee(name='Arabica', price=9, acidity=5.02, roast_level='MEDIUM') to cart 578
[2023-04-23T 14:34:31] INFO add_to_cart - adds Coffee(name='Arabica', price=9, acidity=5.02, roast_level='MEDIUM') to cart 578
[2023-04-23T 14:34:31] INFO add_to_cart - adds Coffee(name='Arabica', price=9, acidity=5.02, roast_level='MEDIUM') to cart 578
[2023-04-23T 14:34:31] INFO place_order - cart 578 was ordered
[2023-04-23T 14:34:31] INFO publish - producer 18 adds product Tea(name='English Breakfast', price=2, type='Black')
